<?xml version="1.0" encoding="UTF-8"?><testrun name="TestRunner" project="Opencart_Project_CucumberFramework" tests="1" started="1" failures="0" errors="1" ignored="0">
  <testsuite name="testRunner.TestRunner" time="24.503">
    <testsuite name="EndToEnd" time="24.503">
      <testcase name="Successfully order the product" classname="EndToEnd" time="24.503">
        <error>org.openqa.selenium.ElementNotInteractableException: element not interactable: Element is not currently visible and may not be manipulated
  (Session info: chrome=114.0.5735.134)
Build info: version: '4.8.1', revision: '8ebccac989'
System info: os.name: 'Windows 10', os.arch: 'amd64', os.version: '10.0', java.version: '1.8.0_202'
Driver info: org.openqa.selenium.chrome.ChromeDriver
Command: [e0f68b2affd0298048bc44a83c563487, clickElement {id=EAACA9B6A48A2CE402B4ECED3B35A418_element_192}]
Capabilities {acceptInsecureCerts: false, browserName: chrome, browserVersion: 114.0.5735.134, chrome: {chromedriverVersion: 114.0.5735.90 (386bc09e8f4f..., userDataDir: C:\Users\lenovo\AppData\Loc...}, goog:chromeOptions: {debuggerAddress: localhost:51554}, networkConnectionEnabled: false, pageLoadStrategy: normal, platformName: WINDOWS, proxy: Proxy(), se:cdp: ws://localhost:51554/devtoo..., se:cdpVersion: 114.0.5735.134, setWindowRect: true, strictFileInteractability: false, timeouts: {implicit: 0, pageLoad: 300000, script: 30000}, unhandledPromptBehavior: dismiss and notify, webauthn:extension:credBlob: true, webauthn:extension:largeBlob: true, webauthn:extension:minPinLength: true, webauthn:extension:prf: true, webauthn:virtualAuthenticators: true}
Element: [[[[ChromeDriver: chrome on WINDOWS (e0f68b2affd0298048bc44a83c563487)] -&gt; name: country_id]] -&gt; xpath: .//option[normalize-space(.) = "India"]]
Session ID: e0f68b2affd0298048bc44a83c563487&#13;
	at sun.reflect.NativeConstructorAccessorImpl.newInstance0(Native Method)&#13;
	at sun.reflect.NativeConstructorAccessorImpl.newInstance(NativeConstructorAccessorImpl.java:62)&#13;
	at sun.reflect.DelegatingConstructorAccessorImpl.newInstance(DelegatingConstructorAccessorImpl.java:45)&#13;
	at java.lang.reflect.Constructor.newInstance(Constructor.java:423)&#13;
	at org.openqa.selenium.remote.codec.w3c.W3CHttpResponseCodec.createException(W3CHttpResponseCodec.java:200)&#13;
	at org.openqa.selenium.remote.codec.w3c.W3CHttpResponseCodec.decode(W3CHttpResponseCodec.java:133)&#13;
	at org.openqa.selenium.remote.codec.w3c.W3CHttpResponseCodec.decode(W3CHttpResponseCodec.java:53)&#13;
	at org.openqa.selenium.remote.HttpCommandExecutor.execute(HttpCommandExecutor.java:184)&#13;
	at org.openqa.selenium.remote.service.DriverCommandExecutor.invokeExecute(DriverCommandExecutor.java:167)&#13;
	at org.openqa.selenium.remote.service.DriverCommandExecutor.execute(DriverCommandExecutor.java:142)&#13;
	at org.openqa.selenium.remote.RemoteWebDriver.execute(RemoteWebDriver.java:543)&#13;
	at org.openqa.selenium.remote.RemoteWebElement.execute(RemoteWebElement.java:257)&#13;
	at org.openqa.selenium.remote.RemoteWebElement.click(RemoteWebElement.java:78)&#13;
	at org.openqa.selenium.support.ui.Select.setSelected(Select.java:320)&#13;
	at org.openqa.selenium.support.ui.Select.selectByVisibleText(Select.java:119)&#13;
	at pageObjects.ShoppingCart.cliclEST(ShoppingCart.java:20)&#13;
	at stepDefination.Steps.click_on_estimate_tax_and_fill_the_details(Steps.java:432)&#13;
	at âœ½.click on estimate tax and fill the details(file:///H:/Testing/New%20Eclipse%20Workspace/Opencart_Project_CucumberFramework/./Features/EndToEndTest.feature:36)&#13;
&#13;
</error>
      </testcase>
    </testsuite>
  </testsuite>
</testrun>
